2020-05-03 22:32:45 Error: [MissingViewException] View file "Books/index.ctp" is missing.
Exception Attributes: array (
  'file' => 'Books/index.ctp',
)
Request URL: /cake/books/index
Stack Trace:
#0 /opt/lampp/htdocs/cake/lib/Cake/View/View.php(470): View->_getViewFileName('Books/index')
#1 /opt/lampp/htdocs/cake/lib/Cake/Controller/Controller.php(968): View->render(NULL, NULL)
#2 /opt/lampp/htdocs/cake/lib/Cake/Routing/Dispatcher.php(200): Controller->render()
#3 /opt/lampp/htdocs/cake/lib/Cake/Routing/Dispatcher.php(167): Dispatcher->_invoke(Object(BooksController), Object(CakeRequest))
#4 /opt/lampp/htdocs/cake/app/webroot/index.php(117): Dispatcher->dispatch(Object(CakeRequest), Object(CakeResponse))
#5 {main}
2020-05-03 22:34:44 Error: [MissingActionException] Action BooksController::view() could not be found.
Exception Attributes: array (
  'controller' => 'BooksController',
  'action' => 'view',
)
Request URL: /cake/books/view/10
Stack Trace:
#0 /opt/lampp/htdocs/cake/lib/Cake/Routing/Dispatcher.php(193): Controller->invokeAction(Object(CakeRequest))
#1 /opt/lampp/htdocs/cake/lib/Cake/Routing/Dispatcher.php(167): Dispatcher->_invoke(Object(BooksController), Object(CakeRequest))
#2 /opt/lampp/htdocs/cake/app/webroot/index.php(117): Dispatcher->dispatch(Object(CakeRequest), Object(CakeResponse))
#3 {main}
2020-05-03 22:37:45 Error: [ParseError] syntax error, unexpected 'echo' (T_ECHO)
Request URL: /cake/books/add
Stack Trace:
#0 /opt/lampp/htdocs/cake/lib/Cake/View/View.php(933): View->_evaluate('/opt/lampp/htdo...', Array)
#1 /opt/lampp/htdocs/cake/lib/Cake/View/View.php(473): View->_render('/opt/lampp/htdo...')
#2 /opt/lampp/htdocs/cake/lib/Cake/Controller/Controller.php(968): View->render(NULL, NULL)
#3 /opt/lampp/htdocs/cake/lib/Cake/Routing/Dispatcher.php(200): Controller->render()
#4 /opt/lampp/htdocs/cake/lib/Cake/Routing/Dispatcher.php(167): Dispatcher->_invoke(Object(BooksController), Object(CakeRequest))
#5 /opt/lampp/htdocs/cake/app/webroot/index.php(117): Dispatcher->dispatch(Object(CakeRequest), Object(CakeResponse))
#6 {main}
2020-05-03 22:37:50 Error: [ParseError] syntax error, unexpected 'echo' (T_ECHO)
Request URL: /cake/books/add
Stack Trace:
#0 /opt/lampp/htdocs/cake/lib/Cake/View/View.php(933): View->_evaluate('/opt/lampp/htdo...', Array)
#1 /opt/lampp/htdocs/cake/lib/Cake/View/View.php(473): View->_render('/opt/lampp/htdo...')
#2 /opt/lampp/htdocs/cake/lib/Cake/Controller/Controller.php(968): View->render(NULL, NULL)
#3 /opt/lampp/htdocs/cake/lib/Cake/Routing/Dispatcher.php(200): Controller->render()
#4 /opt/lampp/htdocs/cake/lib/Cake/Routing/Dispatcher.php(167): Dispatcher->_invoke(Object(BooksController), Object(CakeRequest))
#5 /opt/lampp/htdocs/cake/app/webroot/index.php(117): Dispatcher->dispatch(Object(CakeRequest), Object(CakeResponse))
#6 {main}
2020-05-03 22:37:55 Error: [ParseError] syntax error, unexpected 'echo' (T_ECHO)
Request URL: /cake/books/add
Stack Trace:
#0 /opt/lampp/htdocs/cake/lib/Cake/View/View.php(933): View->_evaluate('/opt/lampp/htdo...', Array)
#1 /opt/lampp/htdocs/cake/lib/Cake/View/View.php(473): View->_render('/opt/lampp/htdo...')
#2 /opt/lampp/htdocs/cake/lib/Cake/Controller/Controller.php(968): View->render(NULL, NULL)
#3 /opt/lampp/htdocs/cake/lib/Cake/Routing/Dispatcher.php(200): Controller->render()
#4 /opt/lampp/htdocs/cake/lib/Cake/Routing/Dispatcher.php(167): Dispatcher->_invoke(Object(BooksController), Object(CakeRequest))
#5 /opt/lampp/htdocs/cake/app/webroot/index.php(117): Dispatcher->dispatch(Object(CakeRequest), Object(CakeResponse))
#6 {main}
2020-05-03 23:02:05 Error: [MissingControllerException] Controller class UsersController could not be found.
Exception Attributes: array (
  'class' => 'UsersController',
  'plugin' => NULL,
)
Request URL: /cake/users
Stack Trace:
#0 /opt/lampp/htdocs/cake/app/webroot/index.php(117): Dispatcher->dispatch(Object(CakeRequest), Object(CakeResponse))
#1 {main}
2020-05-03 23:04:08 Error: [MissingControllerException] Controller class UsersController could not be found.
Exception Attributes: array (
  'class' => 'UsersController',
  'plugin' => NULL,
)
Request URL: /cake/users
Stack Trace:
#0 /opt/lampp/htdocs/cake/app/webroot/index.php(117): Dispatcher->dispatch(Object(CakeRequest), Object(CakeResponse))
#1 {main}
2020-05-03 23:10:29 Error: [MissingConnectionException] Database connection "Mysql" is missing, or could not be created.
Exception Attributes: array (
  'class' => 'Mysql',
  'message' => 'SQLSTATE[HY000] [2002] No such file or directory',
  'enabled' => true,
)
Request URL: /cake/
Stack Trace:
#0 /opt/lampp/htdocs/cake/lib/Cake/Model/Datasource/DboSource.php(278): Mysql->connect()
#1 /opt/lampp/htdocs/cake/lib/Cake/Model/ConnectionManager.php(105): DboSource->__construct(Array)
#2 /opt/lampp/htdocs/cake/lib/Cake/Model/Model.php(3659): ConnectionManager::getDataSource('default')
#3 /opt/lampp/htdocs/cake/lib/Cake/Model/Model.php(1162): Model->setDataSource('default')
#4 /opt/lampp/htdocs/cake/lib/Cake/Model/Model.php(3686): Model->setSource('books')
#5 /opt/lampp/htdocs/cake/lib/Cake/Model/Model.php(3053): Model->getDataSource()
#6 /opt/lampp/htdocs/cake/lib/Cake/Model/Model.php(3025): Model->_readDataSource('all', Array)
#7 /opt/lampp/htdocs/cake/app/Controller/BooksController.php(7): Model->find('all')
#8 [internal function]: BooksController->index()
#9 /opt/lampp/htdocs/cake/lib/Cake/Controller/Controller.php(499): ReflectionMethod->invokeArgs(Object(BooksController), Array)
#10 /opt/lampp/htdocs/cake/lib/Cake/Routing/Dispatcher.php(193): Controller->invokeAction(Object(CakeRequest))
#11 /opt/lampp/htdocs/cake/lib/Cake/Routing/Dispatcher.php(167): Dispatcher->_invoke(Object(BooksController), Object(CakeRequest))
#12 /opt/lampp/htdocs/cake/app/webroot/index.php(117): Dispatcher->dispatch(Object(CakeRequest), Object(CakeResponse))
#13 {main}
2020-05-03 23:10:59 Error: [MissingConnectionException] Database connection "Mysql" is missing, or could not be created.
Exception Attributes: array (
  'class' => 'Mysql',
  'message' => 'SQLSTATE[HY000] [2002] No such file or directory',
  'enabled' => true,
)
Request URL: /cake/
Stack Trace:
#0 /opt/lampp/htdocs/cake/lib/Cake/Model/Datasource/DboSource.php(278): Mysql->connect()
#1 /opt/lampp/htdocs/cake/lib/Cake/Model/ConnectionManager.php(105): DboSource->__construct(Array)
#2 /opt/lampp/htdocs/cake/lib/Cake/Model/Model.php(3659): ConnectionManager::getDataSource('default')
#3 /opt/lampp/htdocs/cake/lib/Cake/Model/Model.php(1162): Model->setDataSource('default')
#4 /opt/lampp/htdocs/cake/lib/Cake/Model/Model.php(3686): Model->setSource('books')
#5 /opt/lampp/htdocs/cake/lib/Cake/Model/Model.php(3053): Model->getDataSource()
#6 /opt/lampp/htdocs/cake/lib/Cake/Model/Model.php(3025): Model->_readDataSource('all', Array)
#7 /opt/lampp/htdocs/cake/app/Controller/BooksController.php(7): Model->find('all')
#8 [internal function]: BooksController->index()
#9 /opt/lampp/htdocs/cake/lib/Cake/Controller/Controller.php(499): ReflectionMethod->invokeArgs(Object(BooksController), Array)
#10 /opt/lampp/htdocs/cake/lib/Cake/Routing/Dispatcher.php(193): Controller->invokeAction(Object(CakeRequest))
#11 /opt/lampp/htdocs/cake/lib/Cake/Routing/Dispatcher.php(167): Dispatcher->_invoke(Object(BooksController), Object(CakeRequest))
#12 /opt/lampp/htdocs/cake/app/webroot/index.php(117): Dispatcher->dispatch(Object(CakeRequest), Object(CakeResponse))
#13 {main}
2020-05-03 23:11:01 Error: [MissingConnectionException] Database connection "Mysql" is missing, or could not be created.
Exception Attributes: array (
  'class' => 'Mysql',
  'message' => 'SQLSTATE[HY000] [2002] No such file or directory',
  'enabled' => true,
)
Request URL: /cake/
Stack Trace:
#0 /opt/lampp/htdocs/cake/lib/Cake/Model/Datasource/DboSource.php(278): Mysql->connect()
#1 /opt/lampp/htdocs/cake/lib/Cake/Model/ConnectionManager.php(105): DboSource->__construct(Array)
#2 /opt/lampp/htdocs/cake/lib/Cake/Model/Model.php(3659): ConnectionManager::getDataSource('default')
#3 /opt/lampp/htdocs/cake/lib/Cake/Model/Model.php(1162): Model->setDataSource('default')
#4 /opt/lampp/htdocs/cake/lib/Cake/Model/Model.php(3686): Model->setSource('books')
#5 /opt/lampp/htdocs/cake/lib/Cake/Model/Model.php(3053): Model->getDataSource()
#6 /opt/lampp/htdocs/cake/lib/Cake/Model/Model.php(3025): Model->_readDataSource('all', Array)
#7 /opt/lampp/htdocs/cake/app/Controller/BooksController.php(7): Model->find('all')
#8 [internal function]: BooksController->index()
#9 /opt/lampp/htdocs/cake/lib/Cake/Controller/Controller.php(499): ReflectionMethod->invokeArgs(Object(BooksController), Array)
#10 /opt/lampp/htdocs/cake/lib/Cake/Routing/Dispatcher.php(193): Controller->invokeAction(Object(CakeRequest))
#11 /opt/lampp/htdocs/cake/lib/Cake/Routing/Dispatcher.php(167): Dispatcher->_invoke(Object(BooksController), Object(CakeRequest))
#12 /opt/lampp/htdocs/cake/app/webroot/index.php(117): Dispatcher->dispatch(Object(CakeRequest), Object(CakeResponse))
#13 {main}
2020-05-03 23:11:02 Error: [MissingConnectionException] Database connection "Mysql" is missing, or could not be created.
Exception Attributes: array (
  'class' => 'Mysql',
  'message' => 'SQLSTATE[HY000] [2002] No such file or directory',
  'enabled' => true,
)
Request URL: /cake/
Stack Trace:
#0 /opt/lampp/htdocs/cake/lib/Cake/Model/Datasource/DboSource.php(278): Mysql->connect()
#1 /opt/lampp/htdocs/cake/lib/Cake/Model/ConnectionManager.php(105): DboSource->__construct(Array)
#2 /opt/lampp/htdocs/cake/lib/Cake/Model/Model.php(3659): ConnectionManager::getDataSource('default')
#3 /opt/lampp/htdocs/cake/lib/Cake/Model/Model.php(1162): Model->setDataSource('default')
#4 /opt/lampp/htdocs/cake/lib/Cake/Model/Model.php(3686): Model->setSource('books')
#5 /opt/lampp/htdocs/cake/lib/Cake/Model/Model.php(3053): Model->getDataSource()
#6 /opt/lampp/htdocs/cake/lib/Cake/Model/Model.php(3025): Model->_readDataSource('all', Array)
#7 /opt/lampp/htdocs/cake/app/Controller/BooksController.php(7): Model->find('all')
#8 [internal function]: BooksController->index()
#9 /opt/lampp/htdocs/cake/lib/Cake/Controller/Controller.php(499): ReflectionMethod->invokeArgs(Object(BooksController), Array)
#10 /opt/lampp/htdocs/cake/lib/Cake/Routing/Dispatcher.php(193): Controller->invokeAction(Object(CakeRequest))
#11 /opt/lampp/htdocs/cake/lib/Cake/Routing/Dispatcher.php(167): Dispatcher->_invoke(Object(BooksController), Object(CakeRequest))
#12 /opt/lampp/htdocs/cake/app/webroot/index.php(117): Dispatcher->dispatch(Object(CakeRequest), Object(CakeResponse))
#13 {main}
2020-05-03 23:11:13 Error: [MissingConnectionException] Database connection "Mysql" is missing, or could not be created.
Exception Attributes: array (
  'class' => 'Mysql',
  'message' => 'SQLSTATE[HY000] [2002] No such file or directory',
  'enabled' => true,
)
Request URL: /cake/
Stack Trace:
#0 /opt/lampp/htdocs/cake/lib/Cake/Model/Datasource/DboSource.php(278): Mysql->connect()
#1 /opt/lampp/htdocs/cake/lib/Cake/Model/ConnectionManager.php(105): DboSource->__construct(Array)
#2 /opt/lampp/htdocs/cake/lib/Cake/Model/Model.php(3659): ConnectionManager::getDataSource('default')
#3 /opt/lampp/htdocs/cake/lib/Cake/Model/Model.php(1162): Model->setDataSource('default')
#4 /opt/lampp/htdocs/cake/lib/Cake/Model/Model.php(3686): Model->setSource('books')
#5 /opt/lampp/htdocs/cake/lib/Cake/Model/Model.php(3053): Model->getDataSource()
#6 /opt/lampp/htdocs/cake/lib/Cake/Model/Model.php(3025): Model->_readDataSource('all', Array)
#7 /opt/lampp/htdocs/cake/app/Controller/BooksController.php(7): Model->find('all')
#8 [internal function]: BooksController->index()
#9 /opt/lampp/htdocs/cake/lib/Cake/Controller/Controller.php(499): ReflectionMethod->invokeArgs(Object(BooksController), Array)
#10 /opt/lampp/htdocs/cake/lib/Cake/Routing/Dispatcher.php(193): Controller->invokeAction(Object(CakeRequest))
#11 /opt/lampp/htdocs/cake/lib/Cake/Routing/Dispatcher.php(167): Dispatcher->_invoke(Object(BooksController), Object(CakeRequest))
#12 /opt/lampp/htdocs/cake/app/webroot/index.php(117): Dispatcher->dispatch(Object(CakeRequest), Object(CakeResponse))
#13 {main}
2020-05-03 23:18:22 Error: [MissingControllerException] Controller class UsersController could not be found.
Exception Attributes: array (
  'class' => 'UsersController',
  'plugin' => NULL,
)
Request URL: /cake/users
Stack Trace:
#0 /opt/lampp/htdocs/cake/app/webroot/index.php(117): Dispatcher->dispatch(Object(CakeRequest), Object(CakeResponse))
#1 {main}
2020-05-03 23:19:44 Error: [MissingControllerException] Controller class GroupsController could not be found.
Exception Attributes: array (
  'class' => 'GroupsController',
  'plugin' => NULL,
)
Request URL: /cake/groups
Stack Trace:
#0 /opt/lampp/htdocs/cake/app/webroot/index.php(117): Dispatcher->dispatch(Object(CakeRequest), Object(CakeResponse))
#1 {main}
2020-05-03 23:26:31 Error: [MissingControllerException] Controller class UsersController could not be found.
Exception Attributes: array (
  'class' => 'UsersController',
  'plugin' => NULL,
)
Request URL: /cake/users
Stack Trace:
#0 /opt/lampp/htdocs/cake/app/webroot/index.php(117): Dispatcher->dispatch(Object(CakeRequest), Object(CakeResponse))
#1 {main}
